
> my-v0-project@0.1.0 build
> next build

   Γû▓ Next.js 15.2.4
   - Environments: .env.local, .env

   Creating an optimized production build ...
 Γ£ô Compiled successfully
   Skipping validation of types
   Skipping linting
   Collecting page data ...
Error: @prisma/client did not initialize yet. Please run "prisma generate" and try to import it again.
    at 7740 (C:\Users\Uday Gill\Downloads\MediCal\.next\server\app\api\patient\auth\login\route.js:1:2265)
    at t (C:\Users\Uday Gill\Downloads\MediCal\.next\server\webpack-runtime.js:1:127)
    at 184 (C:\Users\Uday Gill\Downloads\MediCal\.next\server\app\api\patient\auth\login\route.js:1:286)
    at t (C:\Users\Uday Gill\Downloads\MediCal\.next\server\webpack-runtime.js:1:127)
    at r (C:\Users\Uday Gill\Downloads\MediCal\.next\server\app\api\patient\auth\login\route.js:1:2485)
    at <unknown> (C:\Users\Uday Gill\Downloads\MediCal\.next\server\app\api\patient\auth\login\route.js:1:2520)
    at t.X (C:\Users\Uday Gill\Downloads\MediCal\.next\server\webpack-runtime.js:1:1191)
    at <unknown> (C:\Users\Uday Gill\Downloads\MediCal\.next\server\app\api\patient\auth\login\route.js:1:2498)
    at Object.<anonymous> (C:\Users\Uday Gill\Downloads\MediCal\.next\server\app\api\patient\auth\login\route.js:1:2546)

> Build error occurred
[Error: Failed to collect page data for /api/patient/auth/login] {
  type: 'Error'
}
